<?xml version="1.0" encoding="UTF-8"?>
<!-- Generated by org.testng.reporters.JUnitReportReporter -->
<testsuite skipped="0" hostname="DESKTOP-2L7KETP" name="module1.Post_request" tests="2" failures="0" timestamp="17 Sep 2020 15:15:21 GMT" time="4.098" errors="0">
  <testcase name="post_method" time="0.804" classname="module1.Post_request"/>
  <testcase name="post_method" time="3.294" classname="module1.Post_request"/>
</testsuite> <!-- module1.Post_request -->
