<?xml version="1.0" encoding="UTF-8"?>
<!-- Generated by org.testng.reporters.JUnitReportReporter -->
<testsuite skipped="0" hostname="DESKTOP-2L7KETP" name="selenium_practise.Selenium_1" tests="1" failures="0" timestamp="20 Sep 2020 12:47:48 GMT" time="27.100" errors="0">
  <testcase name="demo1" time="27.100" classname="selenium_practise.Selenium_1"/>
</testsuite> <!-- selenium_practise.Selenium_1 -->
