<?xml version="1.0" encoding="UTF-8"?>
<!-- Generated by org.testng.reporters.JUnitReportReporter -->
<testsuite skipped="0" hostname="DESKTOP-2L7KETP" name="selenium_practise.Checkbox" tests="1" failures="0" timestamp="20 Sep 2020 13:42:46 GMT" time="12.489" errors="0">
  <testcase name="check_checkbox" time="12.489" classname="selenium_practise.Checkbox"/>
</testsuite> <!-- selenium_practise.Checkbox -->
