<?xml version="1.0" encoding="UTF-8"?>
<!-- Generated by org.testng.reporters.JUnitReportReporter -->
<testsuite skipped="0" hostname="DESKTOP-2L7KETP" name="module1.GetRequest" tests="1" failures="0" timestamp="17 Sep 2020 14:46:06 GMT" time="2.902" errors="0">
  <testcase name="first_get" time="2.902" classname="module1.GetRequest"/>
</testsuite> <!-- module1.GetRequest -->
