<?xml version="1.0" encoding="UTF-8"?>
<!-- Generated by org.testng.reporters.JUnitReportReporter -->
<testsuite skipped="0" hostname="DESKTOP-2L7KETP" name="module1.Request_with_param" tests="1" failures="0" timestamp="16 Sep 2020 08:31:59 GMT" time="3.825" errors="0">
  <testcase name="verify_header" time="3.825" classname="module1.Request_with_param"/>
</testsuite> <!-- module1.Request_with_param -->
